<?xml version="1.0" encoding="utf-8"?><testsuites name="pytest tests"><testsuite name="pytest" errors="0" failures="1" skipped="0" tests="22" time="5.941" timestamp="2026-09-03T20:52:49.844720+00:00" hostname="agent-env-5c746831-bdf3-48cc-b78f-44e66bc0e2f8"><testcase classname="tests.test_dinho_api" name="test_public_and_quote_flow" time="0.551" /><testcase classname="tests.test_settings_content" name="test_content_crud_and_public_reflection[faqs-create_payload0-update_patch0-question]" time="1.335" /><testcase classname="tests.test_dinho_api" name="test_auth_and_services_crud" time="0.914" /><testcase classname="tests.test_settings_content" name="test_content_crud_and_public_reflection[services-create_payload1-update_patch1-title]" time="0.975" /><testcase classname="tests.test_dinho_api" name="test_dashboard_metrics_auth_and_shape" time="0.428" /><testcase classname="tests.test_dinho_api" name="test_admin_rejects_invalid_token" time="0.150" /><testcase classname="tests.test_dinho_api" name="test_health_ok" time="0.158" /><testcase classname="tests.test_dinho_api" name="test_health_database_connected" time="0.129" /><testcase classname="tests.test_settings_content" name="test_content_crud_and_public_reflection[gallery-create_payload2-update_patch2-title]" time="0.964" /><testcase classname="tests.test_dinho_api" name="test_quote_with_image_upload_and_file_retrieval" time="0.751" /><testcase classname="tests.test_dinho_api" name="test_unknown_file_returns_404" time="0.164" /><testcase classname="tests.test_dinho_api" name="test_invalid_collection_returns_404" time="0.283" /><testcase classname="tests.test_settings_content" name="test_content_crud_and_public_reflection[testimonials-create_payload3-update_patch3-author]" time="0.955" /><testcase classname="tests.test_dinho_api" name="test_public_payload_shape" time="0.129" /><testcase classname="tests.test_dinho_api" name="test_login_error_is_json_with_detail" time="0.166" /><testcase classname="tests.test_settings_content.TestSettings" name="test_canonical_settings_present" time="0.200" /><testcase classname="tests.test_settings_content.TestSettings" name="test_settings_put_requires_auth" time="0.139" /><testcase classname="tests.test_settings_content" name="test_inactive_item_hidden_from_public" time="0.343" /><testcase classname="tests.test_settings_content.TestSettings" name="test_settings_update_persists" time="0.749" /><testcase classname="tests.test_settings_content" name="test_quote_with_photo_visible_in_admin" time="0.605" /><testcase classname="tests.test_settings_content" name="test_quote_missing_required_field_returns_422" time="0.187" /><testcase classname="tests.test_settings_content" name="test_login_non_ascii_email_does_not_500" time="0.145"><failure message="AssertionError: expected 401, got 500: Internal Server Error&#10;assert 500 == 401&#10; +  where 500 = &lt;Response [500]&gt;.status_code">backend/tests/test_settings_content.py:183: in test_login_non_ascii_email_does_not_500
    assert r.status_code == 401, f"expected 401, got {r.status_code}: {r.text[:200]}"
E   AssertionError: expected 401, got 500: Internal Server Error
E   assert 500 == 401
E    +  where 500 = &lt;Response [500]&gt;.status_code</failure></testcase></testsuite></testsuites>