<?xml version="1.0" encoding="utf-8"?><testsuites name="pytest tests"><testsuite name="pytest" errors="0" failures="0" skipped="0" tests="6" time="3.428" timestamp="2026-09-01T22:56:27.994692+00:00" hostname="agent-env-5c746831-bdf3-48cc-b78f-44e66bc0e2f8"><testcase classname="tests.test_dinho_api" name="test_public_and_quote_flow" time="0.465" /><testcase classname="tests.test_dinho_api" name="test_auth_and_services_crud" time="0.815" /><testcase classname="tests.test_dinho_api" name="test_dashboard_metrics_auth_and_shape" time="0.570" /><testcase classname="tests.test_dinho_api" name="test_admin_rejects_invalid_token" time="0.250" /><testcase classname="tests.test_dinho_api" name="test_health_ok" time="0.168" /><testcase classname="tests.test_dinho_api" name="test_login_error_is_json_with_detail" time="0.218" /></testsuite></testsuites>